<?xml version="1.0" encoding="UTF-8"?>
<!-- Generated by org.testng.reporters.JUnitReportReporter -->
<testsuite hostname="KairosHW0452" failures="0" tests="1" name="com.Minnwest.Tests.TC_001Login" time="8.520" errors="0" timestamp="2023-05-17T10:07:03 IST" skipped="0">
  <testcase classname="com.Minnwest.Tests.TC_001Login" name="LoginTest" time="8.520"/>
  <system-out/>
</testsuite> <!-- com.Minnwest.Tests.TC_001Login -->
